[Fri Aug 16 13:07:16.950949 2019] [ssl:warn] [pid 3168:tid 616] AH01909: test:443:0 server certificate does NOT include an ID which matches the server name
[Fri Aug 16 13:07:16.950949 2019] [ssl:warn] [pid 3168:tid 616] AH01909: myWork.ru:443:0 server certificate does NOT include an ID which matches the server name
[Fri Aug 16 13:07:16.951948 2019] [ssl:warn] [pid 3168:tid 616] AH01909: mystackOverflow:443:0 server certificate does NOT include an ID which matches the server name
[Fri Aug 16 13:07:16.951948 2019] [ssl:warn] [pid 3168:tid 616] AH01909: mysite:443:0 server certificate does NOT include an ID which matches the server name
[Fri Aug 16 13:07:16.973671 2019] [ssl:warn] [pid 3168:tid 616] AH01909: MStore:443:0 server certificate does NOT include an ID which matches the server name
[Fri Aug 16 13:07:16.974663 2019] [ssl:warn] [pid 3168:tid 616] AH01909: default:443:0 server certificate does NOT include an ID which matches the server name
[Fri Aug 16 13:07:17.040639 2019] [ssl:warn] [pid 3168:tid 616] AH01909: test:443:0 server certificate does NOT include an ID which matches the server name
[Fri Aug 16 13:07:17.040639 2019] [ssl:warn] [pid 3168:tid 616] AH01909: myWork.ru:443:0 server certificate does NOT include an ID which matches the server name
[Fri Aug 16 13:07:17.041639 2019] [ssl:warn] [pid 3168:tid 616] AH01909: mystackOverflow:443:0 server certificate does NOT include an ID which matches the server name
[Fri Aug 16 13:07:17.041639 2019] [ssl:warn] [pid 3168:tid 616] AH01909: mysite:443:0 server certificate does NOT include an ID which matches the server name
[Fri Aug 16 13:07:17.042638 2019] [ssl:warn] [pid 3168:tid 616] AH01909: MStore:443:0 server certificate does NOT include an ID which matches the server name
[Fri Aug 16 13:07:17.043637 2019] [ssl:warn] [pid 3168:tid 616] AH01909: default:443:0 server certificate does NOT include an ID which matches the server name
[Fri Aug 16 13:07:17.059627 2019] [mpm_winnt:notice] [pid 3168:tid 616] AH00455: Apache/2.4.38 (Win64) OpenSSL/1.1.1b configured -- resuming normal operations
[Fri Aug 16 13:07:17.059627 2019] [mpm_winnt:notice] [pid 3168:tid 616] AH00456: Apache Lounge VC15 Server built: Feb 28 2019 11:40:54
[Fri Aug 16 13:07:17.059627 2019] [core:notice] [pid 3168:tid 616] AH00094: Command line: 'C:\\Users\\Admin\\Documents\\github\\phpproject\\ospanel\\modules\\http\\Apache_2.4-PHP_7.2-7.3-x64\\bin\\httpd.exe -d C:/Users/Admin/Documents/GitHub/phpProject/OSPanel/modules/http/Apache_2.4-PHP_7.2-7.3-x64 -f c:\\users\\admin\\documents\\github\\phpproject\\ospanel\\modules\\http\\Apache_2.4-PHP_7.2-7.3-x64\\conf\\httpd.conf'
[Fri Aug 16 13:07:17.060627 2019] [mpm_winnt:notice] [pid 3168:tid 616] AH00418: Parent: Created child process 4116
[Fri Aug 16 13:07:17.398419 2019] [ssl:warn] [pid 4116:tid 520] AH01909: test:443:0 server certificate does NOT include an ID which matches the server name
[Fri Aug 16 13:07:17.399418 2019] [ssl:warn] [pid 4116:tid 520] AH01909: myWork.ru:443:0 server certificate does NOT include an ID which matches the server name
[Fri Aug 16 13:07:17.400418 2019] [ssl:warn] [pid 4116:tid 520] AH01909: mystackOverflow:443:0 server certificate does NOT include an ID which matches the server name
[Fri Aug 16 13:07:17.400418 2019] [ssl:warn] [pid 4116:tid 520] AH01909: mysite:443:0 server certificate does NOT include an ID which matches the server name
[Fri Aug 16 13:07:17.400418 2019] [ssl:warn] [pid 4116:tid 520] AH01909: MStore:443:0 server certificate does NOT include an ID which matches the server name
[Fri Aug 16 13:07:17.401417 2019] [ssl:warn] [pid 4116:tid 520] AH01909: default:443:0 server certificate does NOT include an ID which matches the server name
[Fri Aug 16 13:07:17.489585 2019] [ssl:warn] [pid 4116:tid 520] AH01909: test:443:0 server certificate does NOT include an ID which matches the server name
[Fri Aug 16 13:07:17.490578 2019] [ssl:warn] [pid 4116:tid 520] AH01909: myWork.ru:443:0 server certificate does NOT include an ID which matches the server name
[Fri Aug 16 13:07:17.490578 2019] [ssl:warn] [pid 4116:tid 520] AH01909: mystackOverflow:443:0 server certificate does NOT include an ID which matches the server name
[Fri Aug 16 13:07:17.491577 2019] [ssl:warn] [pid 4116:tid 520] AH01909: mysite:443:0 server certificate does NOT include an ID which matches the server name
[Fri Aug 16 13:07:17.491577 2019] [ssl:warn] [pid 4116:tid 520] AH01909: MStore:443:0 server certificate does NOT include an ID which matches the server name
[Fri Aug 16 13:07:17.492583 2019] [ssl:warn] [pid 4116:tid 520] AH01909: default:443:0 server certificate does NOT include an ID which matches the server name
[Fri Aug 16 13:07:17.510565 2019] [mpm_winnt:notice] [pid 4116:tid 520] AH00354: Child: Starting 32 worker threads.
