2019-07-25 11:54:14 0 [Note] c:\users\admin\documents\github\phpproject\ospanel\modules\database\MariaDB-10.3-x64\bin\mysqld.exe (mysqld 10.3.13-MariaDB-log) starting as process 6500 ...
2019-07-25 11:54:14 0 [Note] InnoDB: Mutexes and rw_locks use Windows interlocked functions
2019-07-25 11:54:14 0 [Note] InnoDB: Uses event mutexes
2019-07-25 11:54:14 0 [Note] InnoDB: Compressed tables use zlib 1.2.11
2019-07-25 11:54:14 0 [Note] InnoDB: Number of pools: 1
2019-07-25 11:54:14 0 [Note] InnoDB: Using SSE2 crc32 instructions
2019-07-25 11:54:14 0 [Note] InnoDB: Initializing buffer pool, total size = 128M, instances = 1, chunk size = 128M
2019-07-25 11:54:14 0 [Note] InnoDB: Completed initialization of buffer pool
2019-07-25 11:54:14 0 [Note] InnoDB: 128 out of 128 rollback segments are active.
2019-07-25 11:54:15 0 [Note] InnoDB: Creating shared tablespace for temporary tables
2019-07-25 11:54:15 0 [Note] InnoDB: Setting file 'c:\users\admin\documents\github\phpproject\ospanel\userdata\MariaDB-10.3-x64\ibtmp1' size to 12 MB. Physically writing the file full; Please wait ...
2019-07-25 11:54:15 0 [Note] InnoDB: File 'c:\users\admin\documents\github\phpproject\ospanel\userdata\MariaDB-10.3-x64\ibtmp1' size is now 12 MB.
2019-07-25 11:54:15 0 [Note] InnoDB: Waiting for purge to start
2019-07-25 11:54:15 0 [Note] InnoDB: 10.3.13 started; log sequence number 13304311; transaction id 18992
2019-07-25 11:54:15 0 [Note] InnoDB: Loading buffer pool(s) from c:\users\admin\documents\github\phpproject\ospanel\userdata\MariaDB-10.3-x64\ib_buffer_pool
2019-07-25 11:54:15 0 [Note] Plugin 'FEEDBACK' is disabled.
2019-07-25 11:54:15 0 [Note] Server socket created on IP: '0.0.0.0'.
2019-07-25 11:54:15 0 [Note] Reading of all Master_info entries succeded
2019-07-25 11:54:15 0 [Note] Added new Master_info '' to hash table
2019-07-25 11:54:15 0 [Note] c:\users\admin\documents\github\phpproject\ospanel\modules\database\MariaDB-10.3-x64\bin\mysqld.exe: ready for connections.
Version: '10.3.13-MariaDB-log'  socket: ''  port: 3306  mariadb.org binary distribution
2019-07-25 11:54:16 0 [Note] InnoDB: Buffer pool(s) load completed at 190725 11:54:16
2019-07-25 14:00:23 269 [Warning] Access denied for user ''@'localhost' (using password: NO)
2019-07-25 14:00:24 270 [Warning] Access denied for user ''@'localhost' (using password: NO)
2019-07-25 14:00:24 271 [Warning] Access denied for user ''@'localhost' (using password: NO)
2019-07-25 14:21:24 0 [Note] c:\users\admin\documents\github\phpproject\ospanel\modules\database\MariaDB-10.3-x64\bin\mysqld.exe (initiated by: unknown): Normal shutdown
2019-07-25 14:21:24 0 [Note] Event Scheduler: Purging the queue. 0 events
2019-07-25 14:21:24 0 [Note] InnoDB: FTS optimize thread exiting.
2019-07-25 14:21:24 0 [Note] InnoDB: Starting shutdown...
2019-07-25 14:21:24 0 [Note] InnoDB: Dumping buffer pool(s) to c:\users\admin\documents\github\phpproject\ospanel\userdata\MariaDB-10.3-x64\ib_buffer_pool
2019-07-25 14:21:24 0 [Note] InnoDB: Buffer pool(s) dump completed at 190725 14:21:24
2019-07-25 14:21:25 0 [Note] InnoDB: Shutdown completed; log sequence number 13664848; transaction id 19528
2019-07-25 14:21:25 0 [Note] InnoDB: Removed temporary tablespace data file: "ibtmp1"
2019-07-25 14:21:25 0 [Note] c:\users\admin\documents\github\phpproject\ospanel\modules\database\MariaDB-10.3-x64\bin\mysqld.exe: Shutdown complete

