2019-08-16 13:58:49 84 [Note] c:\users\admin\documents\github\phpproject\ospanel\modules\database\MariaDB-10.1-x64\bin\mysqld.exe (mysqld 10.1.38-MariaDB) starting as process 3948 ...
2019-08-16 13:58:49 84 [Note] InnoDB: Using mutexes to ref count buffer pool pages
2019-08-16 13:58:49 84 [Note] InnoDB: The InnoDB memory heap is disabled
2019-08-16 13:58:49 84 [Note] InnoDB: Mutexes and rw_locks use Windows interlocked functions
2019-08-16 13:58:49 84 [Note] InnoDB: _mm_lfence() and _mm_sfence() are used for memory barrier
2019-08-16 13:58:49 84 [Note] InnoDB: Compressed tables use zlib 1.2.11
2019-08-16 13:58:49 84 [Note] InnoDB: Using generic crc32 instructions
2019-08-16 13:58:49 84 [Note] InnoDB: Initializing buffer pool, size = 128.0M
2019-08-16 13:58:49 84 [Note] InnoDB: Completed initialization of buffer pool
2019-08-16 13:58:49 84 [Note] InnoDB: Setting log file .\ib_logfile101 size to 64 MB
2019-08-16 13:58:49 84 [Note] InnoDB: Setting log file .\ib_logfile1 size to 64 MB
2019-08-16 13:58:49 84 [Note] InnoDB: Renaming log file .\ib_logfile101 to .\ib_logfile0
2019-08-16 13:58:49 84 [Warning] InnoDB: New log files created, LSN=1625110
2019-08-16 13:58:49 84 [Note] InnoDB: Highest supported file format is Barracuda.
2019-08-16 13:58:50 84 [Note] InnoDB: 128 rollback segment(s) are active.
2019-08-16 13:58:50 84 [Note] InnoDB: Waiting for purge to start
2019-08-16 13:58:50 84 [Note] InnoDB:  Percona XtraDB (http://www.percona.com) 5.6.42-84.2 started; log sequence number 1625612
2019-08-16 13:58:50 6320 [Note] InnoDB: Dumping buffer pool(s) not yet started
2019-08-16 13:58:50 84 [Note] Plugin 'FEEDBACK' is disabled.
2019-08-16 13:58:50 84 [Note] Server socket created on IP: '0.0.0.0'.
2019-08-16 13:58:50 84 [Note] c:\users\admin\documents\github\phpproject\ospanel\modules\database\MariaDB-10.1-x64\bin\mysqld.exe: ready for connections.
Version: '10.1.38-MariaDB'  socket: ''  port: 3306  mariadb.org binary distribution
2019-08-16 14:00:11 5848 [Note] c:\users\admin\documents\github\phpproject\ospanel\modules\database\MariaDB-10.1-x64\bin\mysqld.exe: Normal shutdown
2019-08-16 14:00:11 5848 [Note] Event Scheduler: Purging the queue. 0 events
2019-08-16 14:00:11 524 [Note] InnoDB: FTS optimize thread exiting.
2019-08-16 14:00:11 5848 [Note] InnoDB: Starting shutdown...
2019-08-16 14:00:12 5848 [Note] InnoDB: Waiting for page_cleaner to finish flushing of buffer pool
2019-08-16 14:00:13 5848 [Note] InnoDB: Shutdown completed; log sequence number 1625622
2019-08-16 14:00:13 5848 [Note] c:\users\admin\documents\github\phpproject\ospanel\modules\database\MariaDB-10.1-x64\bin\mysqld.exe: Shutdown complete

