[10-Aug-2019 13:14:09 Europe/Moscow] PHP Warning:  call_user_func_array() expects parameter 1 to be a valid callback, class 'SiteController' does not have a method 'actionIndextsite' in C:\Users\Admin\Documents\GitHub\phpProject\OSPanel\domains\MStore\components\Router.php on line 60
[10-Aug-2019 13:14:09 Europe/Moscow] PHP Warning:  call_user_func_array() expects parameter 1 to be a valid callback, class 'SiteController' does not have a method 'actionIndextsite' in C:\Users\Admin\Documents\GitHub\phpProject\OSPanel\domains\MStore\components\Router.php on line 60
[10-Aug-2019 13:25:20 Europe/Moscow] PHP Warning:  call_user_func_array() expects parameter 1 to be a valid callback, class 'SiteController' does not have a method 'actionIndextsite' in C:\Users\Admin\Documents\GitHub\phpProject\OSPanel\domains\MStore\components\Router.php on line 60
[10-Aug-2019 13:25:21 Europe/Moscow] PHP Warning:  call_user_func_array() expects parameter 1 to be a valid callback, class 'SiteController' does not have a method 'actionIndextsite' in C:\Users\Admin\Documents\GitHub\phpProject\OSPanel\domains\MStore\components\Router.php on line 60
[10-Aug-2019 13:41:27 Europe/Moscow] PHP Warning:  call_user_func_array() expects parameter 1 to be a valid callback, class 'SiteController' does not have a method 'actionIndextsite' in C:\Users\Admin\Documents\GitHub\phpProject\OSPanel\domains\MStore\components\Router.php on line 60
[10-Aug-2019 13:41:28 Europe/Moscow] PHP Warning:  call_user_func_array() expects parameter 1 to be a valid callback, class 'SiteController' does not have a method 'actionIndextsite' in C:\Users\Admin\Documents\GitHub\phpProject\OSPanel\domains\MStore\components\Router.php on line 60
[10-Aug-2019 13:42:12 Europe/Moscow] PHP Warning:  call_user_func_array() expects parameter 1 to be a valid callback, class 'SiteController' does not have a method 'actionIndextsite' in C:\Users\Admin\Documents\GitHub\phpProject\OSPanel\domains\MStore\components\Router.php on line 60
[10-Aug-2019 13:42:12 Europe/Moscow] PHP Warning:  call_user_func_array() expects parameter 1 to be a valid callback, class 'SiteController' does not have a method 'actionIndextsite' in C:\Users\Admin\Documents\GitHub\phpProject\OSPanel\domains\MStore\components\Router.php on line 60
[10-Aug-2019 13:42:22 Europe/Moscow] PHP Warning:  call_user_func_array() expects parameter 1 to be a valid callback, class 'SiteController' does not have a method 'actionIndextsite' in C:\Users\Admin\Documents\GitHub\phpProject\OSPanel\domains\MStore\components\Router.php on line 60
[10-Aug-2019 13:42:22 Europe/Moscow] PHP Warning:  call_user_func_array() expects parameter 1 to be a valid callback, class 'SiteController' does not have a method 'actionIndextsite' in C:\Users\Admin\Documents\GitHub\phpProject\OSPanel\domains\MStore\components\Router.php on line 60
[10-Aug-2019 13:42:32 Europe/Moscow] PHP Warning:  call_user_func_array() expects parameter 1 to be a valid callback, class 'SiteController' does not have a method 'actionIndextsite' in C:\Users\Admin\Documents\GitHub\phpProject\OSPanel\domains\MStore\components\Router.php on line 60
[10-Aug-2019 13:42:32 Europe/Moscow] PHP Warning:  call_user_func_array() expects parameter 1 to be a valid callback, class 'SiteController' does not have a method 'actionIndextsite' in C:\Users\Admin\Documents\GitHub\phpProject\OSPanel\domains\MStore\components\Router.php on line 60
[10-Aug-2019 13:42:39 Europe/Moscow] PHP Warning:  call_user_func_array() expects parameter 1 to be a valid callback, class 'SiteController' does not have a method 'actionIndextsite' in C:\Users\Admin\Documents\GitHub\phpProject\OSPanel\domains\MStore\components\Router.php on line 60
[10-Aug-2019 13:42:39 Europe/Moscow] PHP Warning:  call_user_func_array() expects parameter 1 to be a valid callback, class 'SiteController' does not have a method 'actionIndextsite' in C:\Users\Admin\Documents\GitHub\phpProject\OSPanel\domains\MStore\components\Router.php on line 60
[10-Aug-2019 13:44:04 Europe/Moscow] PHP Warning:  call_user_func_array() expects parameter 1 to be a valid callback, class 'SiteController' does not have a method 'actionIndextsite' in C:\Users\Admin\Documents\GitHub\phpProject\OSPanel\domains\MStore\components\Router.php on line 60
[10-Aug-2019 13:44:04 Europe/Moscow] PHP Warning:  call_user_func_array() expects parameter 1 to be a valid callback, class 'SiteController' does not have a method 'actionIndextsite' in C:\Users\Admin\Documents\GitHub\phpProject\OSPanel\domains\MStore\components\Router.php on line 60
[10-Aug-2019 13:48:19 Europe/Moscow] PHP Warning:  include(C:/Users/Admin/Documents/GitHub/phpProject/OSPanel/domains/MStoreviews/layouts/admin_nav.php): failed to open stream: No such file or directory in C:\Users\Admin\Documents\GitHub\phpProject\OSPanel\domains\MStore\views\admin\product\read.php on line 6
[10-Aug-2019 13:48:19 Europe/Moscow] PHP Warning:  include(): Failed opening 'C:/Users/Admin/Documents/GitHub/phpProject/OSPanel/domains/MStoreviews/layouts/admin_nav.php' for inclusion (include_path='.;c:/users/admin/documents/github/phpproject/ospanel/modules/php/PHP_7.3-x64;c:/users/admin/documents/github/phpproject/ospanel/modules/php/PHP_7.3-x64/PEAR/pear') in C:\Users\Admin\Documents\GitHub\phpProject\OSPanel\domains\MStore\views\admin\product\read.php on line 6
[10-Aug-2019 13:48:35 Europe/Moscow] PHP Warning:  include(C:/Users/Admin/Documents/GitHub/phpProject/OSPanel/domains/MStoreviews/layouts/admin_nav.php): failed to open stream: No such file or directory in C:\Users\Admin\Documents\GitHub\phpProject\OSPanel\domains\MStore\views\admin\product\read.php on line 6
[10-Aug-2019 13:48:35 Europe/Moscow] PHP Warning:  include(): Failed opening 'C:/Users/Admin/Documents/GitHub/phpProject/OSPanel/domains/MStoreviews/layouts/admin_nav.php' for inclusion (include_path='.;c:/users/admin/documents/github/phpproject/ospanel/modules/php/PHP_7.3-x64;c:/users/admin/documents/github/phpproject/ospanel/modules/php/PHP_7.3-x64/PEAR/pear') in C:\Users\Admin\Documents\GitHub\phpProject\OSPanel\domains\MStore\views\admin\product\read.php on line 6
[10-Aug-2019 13:49:28 Europe/Moscow] PHP Warning:  include(C:/Users/Admin/Documents/GitHub/phpProject/OSPanel/domains/MStoreviews/layouts/admin_nav.php): failed to open stream: No such file or directory in C:\Users\Admin\Documents\GitHub\phpProject\OSPanel\domains\MStore\views\admin\product\read.php on line 6
[10-Aug-2019 13:49:28 Europe/Moscow] PHP Warning:  include(): Failed opening 'C:/Users/Admin/Documents/GitHub/phpProject/OSPanel/domains/MStoreviews/layouts/admin_nav.php' for inclusion (include_path='.;c:/users/admin/documents/github/phpproject/ospanel/modules/php/PHP_7.3-x64;c:/users/admin/documents/github/phpproject/ospanel/modules/php/PHP_7.3-x64/PEAR/pear') in C:\Users\Admin\Documents\GitHub\phpProject\OSPanel\domains\MStore\views\admin\product\read.php on line 6
[10-Aug-2019 13:49:33 Europe/Moscow] PHP Warning:  include(C:/Users/Admin/Documents/GitHub/phpProject/OSPanel/domains/MStoreviews/layouts/admin_nav.php): failed to open stream: No such file or directory in C:\Users\Admin\Documents\GitHub\phpProject\OSPanel\domains\MStore\views\admin\product\read.php on line 6
[10-Aug-2019 13:49:33 Europe/Moscow] PHP Warning:  include(): Failed opening 'C:/Users/Admin/Documents/GitHub/phpProject/OSPanel/domains/MStoreviews/layouts/admin_nav.php' for inclusion (include_path='.;c:/users/admin/documents/github/phpproject/ospanel/modules/php/PHP_7.3-x64;c:/users/admin/documents/github/phpproject/ospanel/modules/php/PHP_7.3-x64/PEAR/pear') in C:\Users\Admin\Documents\GitHub\phpProject\OSPanel\domains\MStore\views\admin\product\read.php on line 6
[10-Aug-2019 13:50:10 Europe/Moscow] PHP Warning:  include(C:/Users/Admin/Documents/GitHub/phpProject/OSPanel/domains/MStoreviews/layouts/admin/admin_nav.php): failed to open stream: No such file or directory in C:\Users\Admin\Documents\GitHub\phpProject\OSPanel\domains\MStore\views\admin\product\read.php on line 6
[10-Aug-2019 13:50:10 Europe/Moscow] PHP Warning:  include(): Failed opening 'C:/Users/Admin/Documents/GitHub/phpProject/OSPanel/domains/MStoreviews/layouts/admin/admin_nav.php' for inclusion (include_path='.;c:/users/admin/documents/github/phpproject/ospanel/modules/php/PHP_7.3-x64;c:/users/admin/documents/github/phpproject/ospanel/modules/php/PHP_7.3-x64/PEAR/pear') in C:\Users\Admin\Documents\GitHub\phpProject\OSPanel\domains\MStore\views\admin\product\read.php on line 6
[10-Aug-2019 13:51:44 Europe/Moscow] PHP Warning:  include(C:\Users\Admin\Documents\GitHub\phpProject\OSPanel\domains\MStore\views\layouts\header_admin.php): failed to open stream: No such file or directory in C:\Users\Admin\Documents\GitHub\phpProject\OSPanel\domains\MStore\views\admin\product\create.php on line 1
[10-Aug-2019 13:51:44 Europe/Moscow] PHP Warning:  include(): Failed opening 'C:/Users/Admin/Documents/GitHub/phpProject/OSPanel/domains/MStore/views/layouts/header_admin.php' for inclusion (include_path='.;c:/users/admin/documents/github/phpproject/ospanel/modules/php/PHP_7.3-x64;c:/users/admin/documents/github/phpproject/ospanel/modules/php/PHP_7.3-x64/PEAR/pear') in C:\Users\Admin\Documents\GitHub\phpProject\OSPanel\domains\MStore\views\admin\product\create.php on line 1
[10-Aug-2019 13:51:44 Europe/Moscow] PHP Warning:  include(C:\Users\Admin\Documents\GitHub\phpProject\OSPanel\domains\MStore\views\layouts\footer_admin.php): failed to open stream: No such file or directory in C:\Users\Admin\Documents\GitHub\phpProject\OSPanel\domains\MStore\views\admin\product\create.php on line 140
[10-Aug-2019 13:51:44 Europe/Moscow] PHP Warning:  include(): Failed opening 'C:/Users/Admin/Documents/GitHub/phpProject/OSPanel/domains/MStore/views/layouts/footer_admin.php' for inclusion (include_path='.;c:/users/admin/documents/github/phpproject/ospanel/modules/php/PHP_7.3-x64;c:/users/admin/documents/github/phpproject/ospanel/modules/php/PHP_7.3-x64/PEAR/pear') in C:\Users\Admin\Documents\GitHub\phpProject\OSPanel\domains\MStore\views\admin\product\create.php on line 140
[10-Aug-2019 13:54:52 Europe/Moscow] PHP Notice:  Undefined variable: pagination in C:\Users\Admin\Documents\GitHub\phpProject\OSPanel\domains\MStore\views\layouts\admin\footer_admin.php on line 2
[10-Aug-2019 13:56:42 Europe/Moscow] PHP Warning:  call_user_func_array() expects parameter 1 to be a valid callback, class 'SiteController' does not have a method 'actionIndextsite' in C:\Users\Admin\Documents\GitHub\phpProject\OSPanel\domains\MStore\components\Router.php on line 60
[10-Aug-2019 13:56:43 Europe/Moscow] PHP Warning:  call_user_func_array() expects parameter 1 to be a valid callback, class 'SiteController' does not have a method 'actionIndextsite' in C:\Users\Admin\Documents\GitHub\phpProject\OSPanel\domains\MStore\components\Router.php on line 60
[10-Aug-2019 13:57:16 Europe/Moscow] PHP Warning:  call_user_func_array() expects parameter 1 to be a valid callback, class 'SiteController' does not have a method 'actionIndextsite' in C:\Users\Admin\Documents\GitHub\phpProject\OSPanel\domains\MStore\components\Router.php on line 60
[10-Aug-2019 13:57:16 Europe/Moscow] PHP Warning:  call_user_func_array() expects parameter 1 to be a valid callback, class 'SiteController' does not have a method 'actionIndextsite' in C:\Users\Admin\Documents\GitHub\phpProject\OSPanel\domains\MStore\components\Router.php on line 60
[10-Aug-2019 13:57:31 Europe/Moscow] PHP Warning:  call_user_func_array() expects parameter 1 to be a valid callback, class 'SiteController' does not have a method 'actionIndextsite' in C:\Users\Admin\Documents\GitHub\phpProject\OSPanel\domains\MStore\components\Router.php on line 60
[10-Aug-2019 13:57:31 Europe/Moscow] PHP Warning:  call_user_func_array() expects parameter 1 to be a valid callback, class 'SiteController' does not have a method 'actionIndextsite' in C:\Users\Admin\Documents\GitHub\phpProject\OSPanel\domains\MStore\components\Router.php on line 60
[10-Aug-2019 13:58:35 Europe/Moscow] PHP Warning:  call_user_func_array() expects parameter 1 to be a valid callback, class 'SiteController' does not have a method 'actionIndextsite' in C:\Users\Admin\Documents\GitHub\phpProject\OSPanel\domains\MStore\components\Router.php on line 60
[10-Aug-2019 13:58:36 Europe/Moscow] PHP Warning:  call_user_func_array() expects parameter 1 to be a valid callback, class 'SiteController' does not have a method 'actionIndextsite' in C:\Users\Admin\Documents\GitHub\phpProject\OSPanel\domains\MStore\components\Router.php on line 60
[10-Aug-2019 13:58:47 Europe/Moscow] PHP Warning:  call_user_func_array() expects parameter 1 to be a valid callback, class 'SiteController' does not have a method 'actionIndextsite' in C:\Users\Admin\Documents\GitHub\phpProject\OSPanel\domains\MStore\components\Router.php on line 60
[10-Aug-2019 13:58:47 Europe/Moscow] PHP Warning:  call_user_func_array() expects parameter 1 to be a valid callback, class 'SiteController' does not have a method 'actionIndextsite' in C:\Users\Admin\Documents\GitHub\phpProject\OSPanel\domains\MStore\components\Router.php on line 60
[10-Aug-2019 13:58:51 Europe/Moscow] PHP Warning:  call_user_func_array() expects parameter 1 to be a valid callback, class 'SiteController' does not have a method 'actionIndextsite' in C:\Users\Admin\Documents\GitHub\phpProject\OSPanel\domains\MStore\components\Router.php on line 60
[10-Aug-2019 13:58:52 Europe/Moscow] PHP Warning:  call_user_func_array() expects parameter 1 to be a valid callback, class 'SiteController' does not have a method 'actionIndextsite' in C:\Users\Admin\Documents\GitHub\phpProject\OSPanel\domains\MStore\components\Router.php on line 60
[10-Aug-2019 13:58:55 Europe/Moscow] PHP Warning:  call_user_func_array() expects parameter 1 to be a valid callback, class 'SiteController' does not have a method 'actionIndextsite' in C:\Users\Admin\Documents\GitHub\phpProject\OSPanel\domains\MStore\components\Router.php on line 60
[10-Aug-2019 13:58:55 Europe/Moscow] PHP Warning:  call_user_func_array() expects parameter 1 to be a valid callback, class 'SiteController' does not have a method 'actionIndextsite' in C:\Users\Admin\Documents\GitHub\phpProject\OSPanel\domains\MStore\components\Router.php on line 60
[10-Aug-2019 13:58:58 Europe/Moscow] PHP Warning:  call_user_func_array() expects parameter 1 to be a valid callback, class 'SiteController' does not have a method 'actionIndextsite' in C:\Users\Admin\Documents\GitHub\phpProject\OSPanel\domains\MStore\components\Router.php on line 60
[10-Aug-2019 13:58:58 Europe/Moscow] PHP Warning:  call_user_func_array() expects parameter 1 to be a valid callback, class 'SiteController' does not have a method 'actionIndextsite' in C:\Users\Admin\Documents\GitHub\phpProject\OSPanel\domains\MStore\components\Router.php on line 60
[10-Aug-2019 13:59:05 Europe/Moscow] PHP Warning:  call_user_func_array() expects parameter 1 to be a valid callback, class 'SiteController' does not have a method 'actionIndextsite' in C:\Users\Admin\Documents\GitHub\phpProject\OSPanel\domains\MStore\components\Router.php on line 60
[10-Aug-2019 13:59:05 Europe/Moscow] PHP Warning:  call_user_func_array() expects parameter 1 to be a valid callback, class 'SiteController' does not have a method 'actionIndextsite' in C:\Users\Admin\Documents\GitHub\phpProject\OSPanel\domains\MStore\components\Router.php on line 60
[10-Aug-2019 13:59:14 Europe/Moscow] PHP Warning:  call_user_func_array() expects parameter 1 to be a valid callback, class 'SiteController' does not have a method 'actionIndextsite' in C:\Users\Admin\Documents\GitHub\phpProject\OSPanel\domains\MStore\components\Router.php on line 60
[10-Aug-2019 13:59:15 Europe/Moscow] PHP Warning:  call_user_func_array() expects parameter 1 to be a valid callback, class 'SiteController' does not have a method 'actionIndextsite' in C:\Users\Admin\Documents\GitHub\phpProject\OSPanel\domains\MStore\components\Router.php on line 60
[10-Aug-2019 13:59:46 Europe/Moscow] PHP Warning:  call_user_func_array() expects parameter 1 to be a valid callback, class 'SiteController' does not have a method 'actionIndextsite' in C:\Users\Admin\Documents\GitHub\phpProject\OSPanel\domains\MStore\components\Router.php on line 60
[10-Aug-2019 13:59:46 Europe/Moscow] PHP Warning:  call_user_func_array() expects parameter 1 to be a valid callback, class 'SiteController' does not have a method 'actionIndextsite' in C:\Users\Admin\Documents\GitHub\phpProject\OSPanel\domains\MStore\components\Router.php on line 60
[10-Aug-2019 13:59:56 Europe/Moscow] PHP Warning:  call_user_func_array() expects parameter 1 to be a valid callback, class 'SiteController' does not have a method 'actionIndextsite' in C:\Users\Admin\Documents\GitHub\phpProject\OSPanel\domains\MStore\components\Router.php on line 60
[10-Aug-2019 13:59:56 Europe/Moscow] PHP Warning:  call_user_func_array() expects parameter 1 to be a valid callback, class 'SiteController' does not have a method 'actionIndextsite' in C:\Users\Admin\Documents\GitHub\phpProject\OSPanel\domains\MStore\components\Router.php on line 60
[10-Aug-2019 14:00:02 Europe/Moscow] PHP Warning:  call_user_func_array() expects parameter 1 to be a valid callback, class 'SiteController' does not have a method 'actionIndextsite' in C:\Users\Admin\Documents\GitHub\phpProject\OSPanel\domains\MStore\components\Router.php on line 60
[10-Aug-2019 14:00:02 Europe/Moscow] PHP Warning:  call_user_func_array() expects parameter 1 to be a valid callback, class 'SiteController' does not have a method 'actionIndextsite' in C:\Users\Admin\Documents\GitHub\phpProject\OSPanel\domains\MStore\components\Router.php on line 60
[10-Aug-2019 14:00:08 Europe/Moscow] PHP Warning:  call_user_func_array() expects parameter 1 to be a valid callback, class 'SiteController' does not have a method 'actionIndextsite' in C:\Users\Admin\Documents\GitHub\phpProject\OSPanel\domains\MStore\components\Router.php on line 60
[10-Aug-2019 14:00:08 Europe/Moscow] PHP Warning:  call_user_func_array() expects parameter 1 to be a valid callback, class 'SiteController' does not have a method 'actionIndextsite' in C:\Users\Admin\Documents\GitHub\phpProject\OSPanel\domains\MStore\components\Router.php on line 60
[10-Aug-2019 14:00:26 Europe/Moscow] PHP Warning:  call_user_func_array() expects parameter 1 to be a valid callback, class 'SiteController' does not have a method 'actionIndextsite' in C:\Users\Admin\Documents\GitHub\phpProject\OSPanel\domains\MStore\components\Router.php on line 60
[10-Aug-2019 14:00:27 Europe/Moscow] PHP Warning:  call_user_func_array() expects parameter 1 to be a valid callback, class 'SiteController' does not have a method 'actionIndextsite' in C:\Users\Admin\Documents\GitHub\phpProject\OSPanel\domains\MStore\components\Router.php on line 60
[10-Aug-2019 14:00:32 Europe/Moscow] PHP Warning:  include(C:/Users/Admin/Documents/GitHub/phpProject/OSPanel/domains/MStore/views/layouts/header_admin.php): failed to open stream: No such file or directory in C:\Users\Admin\Documents\GitHub\phpProject\OSPanel\domains\MStore\views\admin\index.php on line 1
[10-Aug-2019 14:00:32 Europe/Moscow] PHP Warning:  include(): Failed opening 'C:/Users/Admin/Documents/GitHub/phpProject/OSPanel/domains/MStore/views/layouts/header_admin.php' for inclusion (include_path='.;c:/users/admin/documents/github/phpproject/ospanel/modules/php/PHP_7.3-x64;c:/users/admin/documents/github/phpproject/ospanel/modules/php/PHP_7.3-x64/PEAR/pear') in C:\Users\Admin\Documents\GitHub\phpProject\OSPanel\domains\MStore\views\admin\index.php on line 1
[10-Aug-2019 14:00:32 Europe/Moscow] PHP Warning:  include(C:/Users/Admin/Documents/GitHub/phpProject/OSPanel/domains/MStore/views/layouts/footer_admin.php): failed to open stream: No such file or directory in C:\Users\Admin\Documents\GitHub\phpProject\OSPanel\domains\MStore\views\admin\index.php on line 16
[10-Aug-2019 14:00:32 Europe/Moscow] PHP Warning:  include(): Failed opening 'C:/Users/Admin/Documents/GitHub/phpProject/OSPanel/domains/MStore/views/layouts/footer_admin.php' for inclusion (include_path='.;c:/users/admin/documents/github/phpproject/ospanel/modules/php/PHP_7.3-x64;c:/users/admin/documents/github/phpproject/ospanel/modules/php/PHP_7.3-x64/PEAR/pear') in C:\Users\Admin\Documents\GitHub\phpProject\OSPanel\domains\MStore\views\admin\index.php on line 16
[10-Aug-2019 14:00:34 Europe/Moscow] PHP Warning:  call_user_func_array() expects parameter 1 to be a valid callback, class 'SiteController' does not have a method 'actionIndextsite' in C:\Users\Admin\Documents\GitHub\phpProject\OSPanel\domains\MStore\components\Router.php on line 60
[10-Aug-2019 14:00:34 Europe/Moscow] PHP Warning:  call_user_func_array() expects parameter 1 to be a valid callback, class 'SiteController' does not have a method 'actionIndextsite' in C:\Users\Admin\Documents\GitHub\phpProject\OSPanel\domains\MStore\components\Router.php on line 60
[10-Aug-2019 14:01:13 Europe/Moscow] PHP Warning:  call_user_func_array() expects parameter 1 to be a valid callback, class 'SiteController' does not have a method 'actionIndextsite' in C:\Users\Admin\Documents\GitHub\phpProject\OSPanel\domains\MStore\components\Router.php on line 60
[10-Aug-2019 14:01:13 Europe/Moscow] PHP Warning:  call_user_func_array() expects parameter 1 to be a valid callback, class 'SiteController' does not have a method 'actionIndextsite' in C:\Users\Admin\Documents\GitHub\phpProject\OSPanel\domains\MStore\components\Router.php on line 60
[10-Aug-2019 14:01:40 Europe/Moscow] PHP Warning:  call_user_func_array() expects parameter 1 to be a valid callback, class 'SiteController' does not have a method 'actionIndextsite' in C:\Users\Admin\Documents\GitHub\phpProject\OSPanel\domains\MStore\components\Router.php on line 60
[10-Aug-2019 14:01:40 Europe/Moscow] PHP Warning:  call_user_func_array() expects parameter 1 to be a valid callback, class 'SiteController' does not have a method 'actionIndextsite' in C:\Users\Admin\Documents\GitHub\phpProject\OSPanel\domains\MStore\components\Router.php on line 60
[10-Aug-2019 14:01:44 Europe/Moscow] PHP Warning:  call_user_func_array() expects parameter 1 to be a valid callback, class 'SiteController' does not have a method 'actionIndextsite' in C:\Users\Admin\Documents\GitHub\phpProject\OSPanel\domains\MStore\components\Router.php on line 60
[10-Aug-2019 14:01:44 Europe/Moscow] PHP Warning:  call_user_func_array() expects parameter 1 to be a valid callback, class 'SiteController' does not have a method 'actionIndextsite' in C:\Users\Admin\Documents\GitHub\phpProject\OSPanel\domains\MStore\components\Router.php on line 60
[10-Aug-2019 14:01:57 Europe/Moscow] PHP Warning:  call_user_func_array() expects parameter 1 to be a valid callback, class 'SiteController' does not have a method 'actionIndextsite' in C:\Users\Admin\Documents\GitHub\phpProject\OSPanel\domains\MStore\components\Router.php on line 60
[10-Aug-2019 14:02:00 Europe/Moscow] PHP Warning:  call_user_func_array() expects parameter 1 to be a valid callback, class 'SiteController' does not have a method 'actionIndextsite' in C:\Users\Admin\Documents\GitHub\phpProject\OSPanel\domains\MStore\components\Router.php on line 60
[10-Aug-2019 14:02:14 Europe/Moscow] PHP Warning:  call_user_func_array() expects parameter 1 to be a valid callback, class 'SiteController' does not have a method 'actionIndextsite' in C:\Users\Admin\Documents\GitHub\phpProject\OSPanel\domains\MStore\components\Router.php on line 60
[10-Aug-2019 14:02:14 Europe/Moscow] PHP Warning:  call_user_func_array() expects parameter 1 to be a valid callback, class 'SiteController' does not have a method 'actionIndextsite' in C:\Users\Admin\Documents\GitHub\phpProject\OSPanel\domains\MStore\components\Router.php on line 60
[10-Aug-2019 14:02:35 Europe/Moscow] PHP Warning:  call_user_func_array() expects parameter 1 to be a valid callback, class 'SiteController' does not have a method 'actionIndextsite' in C:\Users\Admin\Documents\GitHub\phpProject\OSPanel\domains\MStore\components\Router.php on line 60
[10-Aug-2019 14:02:35 Europe/Moscow] PHP Warning:  call_user_func_array() expects parameter 1 to be a valid callback, class 'SiteController' does not have a method 'actionIndextsite' in C:\Users\Admin\Documents\GitHub\phpProject\OSPanel\domains\MStore\components\Router.php on line 60
[10-Aug-2019 14:04:03 Europe/Moscow] PHP Warning:  call_user_func_array() expects parameter 1 to be a valid callback, class 'SiteController' does not have a method 'actionIndextsite' in C:\Users\Admin\Documents\GitHub\phpProject\OSPanel\domains\MStore\components\Router.php on line 60
[10-Aug-2019 14:04:03 Europe/Moscow] PHP Warning:  call_user_func_array() expects parameter 1 to be a valid callback, class 'SiteController' does not have a method 'actionIndextsite' in C:\Users\Admin\Documents\GitHub\phpProject\OSPanel\domains\MStore\components\Router.php on line 60
[10-Aug-2019 14:04:08 Europe/Moscow] PHP Warning:  call_user_func_array() expects parameter 1 to be a valid callback, class 'SiteController' does not have a method 'actionIndextsite' in C:\Users\Admin\Documents\GitHub\phpProject\OSPanel\domains\MStore\components\Router.php on line 60
[10-Aug-2019 14:04:08 Europe/Moscow] PHP Warning:  call_user_func_array() expects parameter 1 to be a valid callback, class 'SiteController' does not have a method 'actionIndextsite' in C:\Users\Admin\Documents\GitHub\phpProject\OSPanel\domains\MStore\components\Router.php on line 60
[10-Aug-2019 14:04:28 Europe/Moscow] PHP Warning:  call_user_func_array() expects parameter 1 to be a valid callback, class 'SiteController' does not have a method 'actionIndextsite' in C:\Users\Admin\Documents\GitHub\phpProject\OSPanel\domains\MStore\components\Router.php on line 60
[10-Aug-2019 14:04:28 Europe/Moscow] PHP Warning:  call_user_func_array() expects parameter 1 to be a valid callback, class 'SiteController' does not have a method 'actionIndextsite' in C:\Users\Admin\Documents\GitHub\phpProject\OSPanel\domains\MStore\components\Router.php on line 60
[10-Aug-2019 14:05:15 Europe/Moscow] PHP Warning:  call_user_func_array() expects parameter 1 to be a valid callback, class 'SiteController' does not have a method 'actionIndextsite' in C:\Users\Admin\Documents\GitHub\phpProject\OSPanel\domains\MStore\components\Router.php on line 60
[10-Aug-2019 14:05:15 Europe/Moscow] PHP Warning:  call_user_func_array() expects parameter 1 to be a valid callback, class 'SiteController' does not have a method 'actionIndextsite' in C:\Users\Admin\Documents\GitHub\phpProject\OSPanel\domains\MStore\components\Router.php on line 60
[10-Aug-2019 14:06:04 Europe/Moscow] PHP Warning:  call_user_func_array() expects parameter 1 to be a valid callback, class 'SiteController' does not have a method 'actionIndextsite' in C:\Users\Admin\Documents\GitHub\phpProject\OSPanel\domains\MStore\components\Router.php on line 60
[10-Aug-2019 14:06:04 Europe/Moscow] PHP Warning:  call_user_func_array() expects parameter 1 to be a valid callback, class 'SiteController' does not have a method 'actionIndextsite' in C:\Users\Admin\Documents\GitHub\phpProject\OSPanel\domains\MStore\components\Router.php on line 60
[10-Aug-2019 14:06:14 Europe/Moscow] PHP Warning:  call_user_func_array() expects parameter 1 to be a valid callback, class 'SiteController' does not have a method 'actionIndextsite' in C:\Users\Admin\Documents\GitHub\phpProject\OSPanel\domains\MStore\components\Router.php on line 60
[10-Aug-2019 14:06:14 Europe/Moscow] PHP Warning:  call_user_func_array() expects parameter 1 to be a valid callback, class 'SiteController' does not have a method 'actionIndextsite' in C:\Users\Admin\Documents\GitHub\phpProject\OSPanel\domains\MStore\components\Router.php on line 60
[10-Aug-2019 14:07:31 Europe/Moscow] PHP Warning:  call_user_func_array() expects parameter 1 to be a valid callback, class 'SiteController' does not have a method 'actionIndextsite' in C:\Users\Admin\Documents\GitHub\phpProject\OSPanel\domains\MStore\components\Router.php on line 60
[10-Aug-2019 14:07:32 Europe/Moscow] PHP Warning:  call_user_func_array() expects parameter 1 to be a valid callback, class 'SiteController' does not have a method 'actionIndextsite' in C:\Users\Admin\Documents\GitHub\phpProject\OSPanel\domains\MStore\components\Router.php on line 60
[10-Aug-2019 14:07:32 Europe/Moscow] PHP Warning:  call_user_func_array() expects parameter 1 to be a valid callback, class 'SiteController' does not have a method 'actionIndextsite' in C:\Users\Admin\Documents\GitHub\phpProject\OSPanel\domains\MStore\components\Router.php on line 60
[10-Aug-2019 14:07:32 Europe/Moscow] PHP Warning:  call_user_func_array() expects parameter 1 to be a valid callback, class 'SiteController' does not have a method 'actionIndextsite' in C:\Users\Admin\Documents\GitHub\phpProject\OSPanel\domains\MStore\components\Router.php on line 60
[10-Aug-2019 14:07:34 Europe/Moscow] PHP Warning:  call_user_func_array() expects parameter 1 to be a valid callback, class 'SiteController' does not have a method 'actionIndextsite' in C:\Users\Admin\Documents\GitHub\phpProject\OSPanel\domains\MStore\components\Router.php on line 60
[10-Aug-2019 14:07:34 Europe/Moscow] PHP Warning:  call_user_func_array() expects parameter 1 to be a valid callback, class 'SiteController' does not have a method 'actionIndextsite' in C:\Users\Admin\Documents\GitHub\phpProject\OSPanel\domains\MStore\components\Router.php on line 60
[10-Aug-2019 14:08:33 Europe/Moscow] PHP Warning:  call_user_func_array() expects parameter 1 to be a valid callback, class 'SiteController' does not have a method 'actionIndextsite' in C:\Users\Admin\Documents\GitHub\phpProject\OSPanel\domains\MStore\components\Router.php on line 60
[10-Aug-2019 14:08:33 Europe/Moscow] PHP Warning:  call_user_func_array() expects parameter 1 to be a valid callback, class 'SiteController' does not have a method 'actionIndextsite' in C:\Users\Admin\Documents\GitHub\phpProject\OSPanel\domains\MStore\components\Router.php on line 60
[10-Aug-2019 14:08:47 Europe/Moscow] PHP Warning:  call_user_func_array() expects parameter 1 to be a valid callback, class 'SiteController' does not have a method 'actionIndextsite' in C:\Users\Admin\Documents\GitHub\phpProject\OSPanel\domains\MStore\components\Router.php on line 60
[10-Aug-2019 14:08:47 Europe/Moscow] PHP Warning:  call_user_func_array() expects parameter 1 to be a valid callback, class 'SiteController' does not have a method 'actionIndextsite' in C:\Users\Admin\Documents\GitHub\phpProject\OSPanel\domains\MStore\components\Router.php on line 60
[10-Aug-2019 14:08:55 Europe/Moscow] PHP Warning:  call_user_func_array() expects parameter 1 to be a valid callback, class 'SiteController' does not have a method 'actionIndextsite' in C:\Users\Admin\Documents\GitHub\phpProject\OSPanel\domains\MStore\components\Router.php on line 60
[10-Aug-2019 14:08:56 Europe/Moscow] PHP Warning:  call_user_func_array() expects parameter 1 to be a valid callback, class 'SiteController' does not have a method 'actionIndextsite' in C:\Users\Admin\Documents\GitHub\phpProject\OSPanel\domains\MStore\components\Router.php on line 60
[10-Aug-2019 14:10:21 Europe/Moscow] PHP Warning:  call_user_func_array() expects parameter 1 to be a valid callback, class 'SiteController' does not have a method 'actionIndextsite' in C:\Users\Admin\Documents\GitHub\phpProject\OSPanel\domains\MStore\components\Router.php on line 60
[10-Aug-2019 14:10:21 Europe/Moscow] PHP Warning:  call_user_func_array() expects parameter 1 to be a valid callback, class 'SiteController' does not have a method 'actionIndextsite' in C:\Users\Admin\Documents\GitHub\phpProject\OSPanel\domains\MStore\components\Router.php on line 60
[10-Aug-2019 14:11:09 Europe/Moscow] PHP Warning:  call_user_func_array() expects parameter 1 to be a valid callback, class 'SiteController' does not have a method 'actionIndextsite' in C:\Users\Admin\Documents\GitHub\phpProject\OSPanel\domains\MStore\components\Router.php on line 60
[10-Aug-2019 14:11:09 Europe/Moscow] PHP Warning:  call_user_func_array() expects parameter 1 to be a valid callback, class 'SiteController' does not have a method 'actionIndextsite' in C:\Users\Admin\Documents\GitHub\phpProject\OSPanel\domains\MStore\components\Router.php on line 60
[10-Aug-2019 14:11:37 Europe/Moscow] PHP Warning:  call_user_func_array() expects parameter 1 to be a valid callback, class 'SiteController' does not have a method 'actionIndextsite' in C:\Users\Admin\Documents\GitHub\phpProject\OSPanel\domains\MStore\components\Router.php on line 60
[10-Aug-2019 14:11:37 Europe/Moscow] PHP Warning:  call_user_func_array() expects parameter 1 to be a valid callback, class 'SiteController' does not have a method 'actionIndextsite' in C:\Users\Admin\Documents\GitHub\phpProject\OSPanel\domains\MStore\components\Router.php on line 60
[10-Aug-2019 14:11:39 Europe/Moscow] PHP Warning:  call_user_func_array() expects parameter 1 to be a valid callback, class 'SiteController' does not have a method 'actionIndextsite' in C:\Users\Admin\Documents\GitHub\phpProject\OSPanel\domains\MStore\components\Router.php on line 60
[10-Aug-2019 14:11:39 Europe/Moscow] PHP Warning:  call_user_func_array() expects parameter 1 to be a valid callback, class 'SiteController' does not have a method 'actionIndextsite' in C:\Users\Admin\Documents\GitHub\phpProject\OSPanel\domains\MStore\components\Router.php on line 60
[10-Aug-2019 14:11:42 Europe/Moscow] PHP Warning:  call_user_func_array() expects parameter 1 to be a valid callback, class 'SiteController' does not have a method 'actionIndextsite' in C:\Users\Admin\Documents\GitHub\phpProject\OSPanel\domains\MStore\components\Router.php on line 60
[10-Aug-2019 14:11:42 Europe/Moscow] PHP Warning:  call_user_func_array() expects parameter 1 to be a valid callback, class 'SiteController' does not have a method 'actionIndextsite' in C:\Users\Admin\Documents\GitHub\phpProject\OSPanel\domains\MStore\components\Router.php on line 60
[10-Aug-2019 14:11:55 Europe/Moscow] PHP Warning:  call_user_func_array() expects parameter 1 to be a valid callback, class 'SiteController' does not have a method 'actionIndextsite' in C:\Users\Admin\Documents\GitHub\phpProject\OSPanel\domains\MStore\components\Router.php on line 60
[10-Aug-2019 14:11:55 Europe/Moscow] PHP Warning:  call_user_func_array() expects parameter 1 to be a valid callback, class 'SiteController' does not have a method 'actionIndextsite' in C:\Users\Admin\Documents\GitHub\phpProject\OSPanel\domains\MStore\components\Router.php on line 60
[10-Aug-2019 14:12:37 Europe/Moscow] PHP Warning:  call_user_func_array() expects parameter 1 to be a valid callback, class 'SiteController' does not have a method 'actionIndextsite' in C:\Users\Admin\Documents\GitHub\phpProject\OSPanel\domains\MStore\components\Router.php on line 60
[10-Aug-2019 14:12:37 Europe/Moscow] PHP Warning:  call_user_func_array() expects parameter 1 to be a valid callback, class 'SiteController' does not have a method 'actionIndextsite' in C:\Users\Admin\Documents\GitHub\phpProject\OSPanel\domains\MStore\components\Router.php on line 60
[10-Aug-2019 14:12:51 Europe/Moscow] PHP Warning:  call_user_func_array() expects parameter 1 to be a valid callback, class 'SiteController' does not have a method 'actionIndextsite' in C:\Users\Admin\Documents\GitHub\phpProject\OSPanel\domains\MStore\components\Router.php on line 60
[10-Aug-2019 14:12:51 Europe/Moscow] PHP Warning:  call_user_func_array() expects parameter 1 to be a valid callback, class 'SiteController' does not have a method 'actionIndextsite' in C:\Users\Admin\Documents\GitHub\phpProject\OSPanel\domains\MStore\components\Router.php on line 60
[10-Aug-2019 14:13:04 Europe/Moscow] PHP Warning:  call_user_func_array() expects parameter 1 to be a valid callback, class 'SiteController' does not have a method 'actionIndextsite' in C:\Users\Admin\Documents\GitHub\phpProject\OSPanel\domains\MStore\components\Router.php on line 60
[10-Aug-2019 14:13:05 Europe/Moscow] PHP Warning:  call_user_func_array() expects parameter 1 to be a valid callback, class 'SiteController' does not have a method 'actionIndextsite' in C:\Users\Admin\Documents\GitHub\phpProject\OSPanel\domains\MStore\components\Router.php on line 60
[10-Aug-2019 14:13:09 Europe/Moscow] PHP Warning:  call_user_func_array() expects parameter 1 to be a valid callback, class 'SiteController' does not have a method 'actionIndextsite' in C:\Users\Admin\Documents\GitHub\phpProject\OSPanel\domains\MStore\components\Router.php on line 60
[10-Aug-2019 14:13:09 Europe/Moscow] PHP Warning:  call_user_func_array() expects parameter 1 to be a valid callback, class 'SiteController' does not have a method 'actionIndextsite' in C:\Users\Admin\Documents\GitHub\phpProject\OSPanel\domains\MStore\components\Router.php on line 60
[10-Aug-2019 14:13:24 Europe/Moscow] PHP Warning:  call_user_func_array() expects parameter 1 to be a valid callback, class 'SiteController' does not have a method 'actionIndextsite' in C:\Users\Admin\Documents\GitHub\phpProject\OSPanel\domains\MStore\components\Router.php on line 60
[10-Aug-2019 14:13:24 Europe/Moscow] PHP Warning:  call_user_func_array() expects parameter 1 to be a valid callback, class 'SiteController' does not have a method 'actionIndextsite' in C:\Users\Admin\Documents\GitHub\phpProject\OSPanel\domains\MStore\components\Router.php on line 60
[10-Aug-2019 14:13:27 Europe/Moscow] PHP Warning:  call_user_func_array() expects parameter 1 to be a valid callback, class 'SiteController' does not have a method 'actionIndextsite' in C:\Users\Admin\Documents\GitHub\phpProject\OSPanel\domains\MStore\components\Router.php on line 60
[10-Aug-2019 14:13:27 Europe/Moscow] PHP Warning:  call_user_func_array() expects parameter 1 to be a valid callback, class 'SiteController' does not have a method 'actionIndextsite' in C:\Users\Admin\Documents\GitHub\phpProject\OSPanel\domains\MStore\components\Router.php on line 60
[10-Aug-2019 14:14:37 Europe/Moscow] PHP Warning:  call_user_func_array() expects parameter 1 to be a valid callback, class 'SiteController' does not have a method 'actionIndextsite' in C:\Users\Admin\Documents\GitHub\phpProject\OSPanel\domains\MStore\components\Router.php on line 60
[10-Aug-2019 14:14:38 Europe/Moscow] PHP Warning:  call_user_func_array() expects parameter 1 to be a valid callback, class 'SiteController' does not have a method 'actionIndextsite' in C:\Users\Admin\Documents\GitHub\phpProject\OSPanel\domains\MStore\components\Router.php on line 60
[10-Aug-2019 14:14:46 Europe/Moscow] PHP Warning:  call_user_func_array() expects parameter 1 to be a valid callback, class 'SiteController' does not have a method 'actionIndextsite' in C:\Users\Admin\Documents\GitHub\phpProject\OSPanel\domains\MStore\components\Router.php on line 60
[10-Aug-2019 14:14:46 Europe/Moscow] PHP Warning:  call_user_func_array() expects parameter 1 to be a valid callback, class 'SiteController' does not have a method 'actionIndextsite' in C:\Users\Admin\Documents\GitHub\phpProject\OSPanel\domains\MStore\components\Router.php on line 60
[10-Aug-2019 14:16:00 Europe/Moscow] PHP Warning:  call_user_func_array() expects parameter 1 to be a valid callback, class 'SiteController' does not have a method 'actionIndextsite' in C:\Users\Admin\Documents\GitHub\phpProject\OSPanel\domains\MStore\components\Router.php on line 60
[10-Aug-2019 14:16:00 Europe/Moscow] PHP Warning:  call_user_func_array() expects parameter 1 to be a valid callback, class 'SiteController' does not have a method 'actionIndextsite' in C:\Users\Admin\Documents\GitHub\phpProject\OSPanel\domains\MStore\components\Router.php on line 60
[10-Aug-2019 14:16:25 Europe/Moscow] PHP Warning:  call_user_func_array() expects parameter 1 to be a valid callback, class 'SiteController' does not have a method 'actionIndextsite' in C:\Users\Admin\Documents\GitHub\phpProject\OSPanel\domains\MStore\components\Router.php on line 60
[10-Aug-2019 14:16:25 Europe/Moscow] PHP Warning:  call_user_func_array() expects parameter 1 to be a valid callback, class 'SiteController' does not have a method 'actionIndextsite' in C:\Users\Admin\Documents\GitHub\phpProject\OSPanel\domains\MStore\components\Router.php on line 60
[10-Aug-2019 14:17:01 Europe/Moscow] PHP Warning:  call_user_func_array() expects parameter 1 to be a valid callback, class 'SiteController' does not have a method 'actionIndextsite' in C:\Users\Admin\Documents\GitHub\phpProject\OSPanel\domains\MStore\components\Router.php on line 60
[10-Aug-2019 14:17:01 Europe/Moscow] PHP Warning:  call_user_func_array() expects parameter 1 to be a valid callback, class 'SiteController' does not have a method 'actionIndextsite' in C:\Users\Admin\Documents\GitHub\phpProject\OSPanel\domains\MStore\components\Router.php on line 60
[10-Aug-2019 14:17:30 Europe/Moscow] PHP Warning:  call_user_func_array() expects parameter 1 to be a valid callback, class 'SiteController' does not have a method 'actionIndextsite' in C:\Users\Admin\Documents\GitHub\phpProject\OSPanel\domains\MStore\components\Router.php on line 60
[10-Aug-2019 14:17:30 Europe/Moscow] PHP Warning:  call_user_func_array() expects parameter 1 to be a valid callback, class 'SiteController' does not have a method 'actionIndextsite' in C:\Users\Admin\Documents\GitHub\phpProject\OSPanel\domains\MStore\components\Router.php on line 60
[10-Aug-2019 14:18:05 Europe/Moscow] PHP Warning:  call_user_func_array() expects parameter 1 to be a valid callback, class 'SiteController' does not have a method 'actionIndextsite' in C:\Users\Admin\Documents\GitHub\phpProject\OSPanel\domains\MStore\components\Router.php on line 60
[10-Aug-2019 14:18:05 Europe/Moscow] PHP Warning:  call_user_func_array() expects parameter 1 to be a valid callback, class 'SiteController' does not have a method 'actionIndextsite' in C:\Users\Admin\Documents\GitHub\phpProject\OSPanel\domains\MStore\components\Router.php on line 60
[10-Aug-2019 14:18:07 Europe/Moscow] PHP Warning:  call_user_func_array() expects parameter 1 to be a valid callback, class 'SiteController' does not have a method 'actionIndextsite' in C:\Users\Admin\Documents\GitHub\phpProject\OSPanel\domains\MStore\components\Router.php on line 60
[10-Aug-2019 14:18:07 Europe/Moscow] PHP Warning:  call_user_func_array() expects parameter 1 to be a valid callback, class 'SiteController' does not have a method 'actionIndextsite' in C:\Users\Admin\Documents\GitHub\phpProject\OSPanel\domains\MStore\components\Router.php on line 60
[10-Aug-2019 14:18:35 Europe/Moscow] PHP Warning:  call_user_func_array() expects parameter 1 to be a valid callback, class 'SiteController' does not have a method 'actionIndextsite' in C:\Users\Admin\Documents\GitHub\phpProject\OSPanel\domains\MStore\components\Router.php on line 60
[10-Aug-2019 14:18:35 Europe/Moscow] PHP Warning:  call_user_func_array() expects parameter 1 to be a valid callback, class 'SiteController' does not have a method 'actionIndextsite' in C:\Users\Admin\Documents\GitHub\phpProject\OSPanel\domains\MStore\components\Router.php on line 60
[10-Aug-2019 14:18:49 Europe/Moscow] PHP Warning:  call_user_func_array() expects parameter 1 to be a valid callback, class 'SiteController' does not have a method 'actionIndextsite' in C:\Users\Admin\Documents\GitHub\phpProject\OSPanel\domains\MStore\components\Router.php on line 60
[10-Aug-2019 14:18:50 Europe/Moscow] PHP Warning:  call_user_func_array() expects parameter 1 to be a valid callback, class 'SiteController' does not have a method 'actionIndextsite' in C:\Users\Admin\Documents\GitHub\phpProject\OSPanel\domains\MStore\components\Router.php on line 60
[10-Aug-2019 14:18:55 Europe/Moscow] PHP Warning:  call_user_func_array() expects parameter 1 to be a valid callback, class 'SiteController' does not have a method 'actionIndextsite' in C:\Users\Admin\Documents\GitHub\phpProject\OSPanel\domains\MStore\components\Router.php on line 60
[10-Aug-2019 14:18:55 Europe/Moscow] PHP Warning:  call_user_func_array() expects parameter 1 to be a valid callback, class 'SiteController' does not have a method 'actionIndextsite' in C:\Users\Admin\Documents\GitHub\phpProject\OSPanel\domains\MStore\components\Router.php on line 60
[10-Aug-2019 14:19:01 Europe/Moscow] PHP Warning:  call_user_func_array() expects parameter 1 to be a valid callback, class 'SiteController' does not have a method 'actionIndextsite' in C:\Users\Admin\Documents\GitHub\phpProject\OSPanel\domains\MStore\components\Router.php on line 60
[10-Aug-2019 14:19:02 Europe/Moscow] PHP Warning:  call_user_func_array() expects parameter 1 to be a valid callback, class 'SiteController' does not have a method 'actionIndextsite' in C:\Users\Admin\Documents\GitHub\phpProject\OSPanel\domains\MStore\components\Router.php on line 60
[10-Aug-2019 14:19:18 Europe/Moscow] PHP Warning:  call_user_func_array() expects parameter 1 to be a valid callback, class 'SiteController' does not have a method 'actionIndextsite' in C:\Users\Admin\Documents\GitHub\phpProject\OSPanel\domains\MStore\components\Router.php on line 60
[10-Aug-2019 14:19:18 Europe/Moscow] PHP Warning:  call_user_func_array() expects parameter 1 to be a valid callback, class 'SiteController' does not have a method 'actionIndextsite' in C:\Users\Admin\Documents\GitHub\phpProject\OSPanel\domains\MStore\components\Router.php on line 60
[10-Aug-2019 14:19:24 Europe/Moscow] PHP Warning:  call_user_func_array() expects parameter 1 to be a valid callback, class 'SiteController' does not have a method 'actionIndextsite' in C:\Users\Admin\Documents\GitHub\phpProject\OSPanel\domains\MStore\components\Router.php on line 60
[10-Aug-2019 14:19:25 Europe/Moscow] PHP Warning:  call_user_func_array() expects parameter 1 to be a valid callback, class 'SiteController' does not have a method 'actionIndextsite' in C:\Users\Admin\Documents\GitHub\phpProject\OSPanel\domains\MStore\components\Router.php on line 60
[10-Aug-2019 14:20:19 Europe/Moscow] PHP Warning:  call_user_func_array() expects parameter 1 to be a valid callback, class 'SiteController' does not have a method 'actionIndextsite' in C:\Users\Admin\Documents\GitHub\phpProject\OSPanel\domains\MStore\components\Router.php on line 60
[10-Aug-2019 14:20:20 Europe/Moscow] PHP Warning:  call_user_func_array() expects parameter 1 to be a valid callback, class 'SiteController' does not have a method 'actionIndextsite' in C:\Users\Admin\Documents\GitHub\phpProject\OSPanel\domains\MStore\components\Router.php on line 60
[10-Aug-2019 14:21:04 Europe/Moscow] PHP Warning:  call_user_func_array() expects parameter 1 to be a valid callback, class 'SiteController' does not have a method 'actionIndextsite' in C:\Users\Admin\Documents\GitHub\phpProject\OSPanel\domains\MStore\components\Router.php on line 60
[10-Aug-2019 14:21:05 Europe/Moscow] PHP Warning:  call_user_func_array() expects parameter 1 to be a valid callback, class 'SiteController' does not have a method 'actionIndextsite' in C:\Users\Admin\Documents\GitHub\phpProject\OSPanel\domains\MStore\components\Router.php on line 60
[10-Aug-2019 14:21:06 Europe/Moscow] PHP Warning:  call_user_func_array() expects parameter 1 to be a valid callback, class 'SiteController' does not have a method 'actionIndextsite' in C:\Users\Admin\Documents\GitHub\phpProject\OSPanel\domains\MStore\components\Router.php on line 60
[10-Aug-2019 14:21:07 Europe/Moscow] PHP Warning:  call_user_func_array() expects parameter 1 to be a valid callback, class 'SiteController' does not have a method 'actionIndextsite' in C:\Users\Admin\Documents\GitHub\phpProject\OSPanel\domains\MStore\components\Router.php on line 60
[10-Aug-2019 14:21:10 Europe/Moscow] PHP Warning:  call_user_func_array() expects parameter 1 to be a valid callback, class 'SiteController' does not have a method 'actionIndextsite' in C:\Users\Admin\Documents\GitHub\phpProject\OSPanel\domains\MStore\components\Router.php on line 60
[10-Aug-2019 14:21:11 Europe/Moscow] PHP Warning:  call_user_func_array() expects parameter 1 to be a valid callback, class 'SiteController' does not have a method 'actionIndextsite' in C:\Users\Admin\Documents\GitHub\phpProject\OSPanel\domains\MStore\components\Router.php on line 60
[10-Aug-2019 14:21:29 Europe/Moscow] PHP Warning:  include(C:/Users/Admin/Documents/GitHub/phpProject/OSPanel/domains/MStore/views/layouts/header_admin.php): failed to open stream: No such file or directory in C:\Users\Admin\Documents\GitHub\phpProject\OSPanel\domains\MStore\views\admin\index.php on line 1
[10-Aug-2019 14:21:29 Europe/Moscow] PHP Warning:  include(): Failed opening 'C:/Users/Admin/Documents/GitHub/phpProject/OSPanel/domains/MStore/views/layouts/header_admin.php' for inclusion (include_path='.;c:/users/admin/documents/github/phpproject/ospanel/modules/php/PHP_7.3-x64;c:/users/admin/documents/github/phpproject/ospanel/modules/php/PHP_7.3-x64/PEAR/pear') in C:\Users\Admin\Documents\GitHub\phpProject\OSPanel\domains\MStore\views\admin\index.php on line 1
[10-Aug-2019 14:21:29 Europe/Moscow] PHP Warning:  include(C:/Users/Admin/Documents/GitHub/phpProject/OSPanel/domains/MStore/views/layouts/footer_admin.php): failed to open stream: No such file or directory in C:\Users\Admin\Documents\GitHub\phpProject\OSPanel\domains\MStore\views\admin\index.php on line 16
[10-Aug-2019 14:21:29 Europe/Moscow] PHP Warning:  include(): Failed opening 'C:/Users/Admin/Documents/GitHub/phpProject/OSPanel/domains/MStore/views/layouts/footer_admin.php' for inclusion (include_path='.;c:/users/admin/documents/github/phpproject/ospanel/modules/php/PHP_7.3-x64;c:/users/admin/documents/github/phpproject/ospanel/modules/php/PHP_7.3-x64/PEAR/pear') in C:\Users\Admin\Documents\GitHub\phpProject\OSPanel\domains\MStore\views\admin\index.php on line 16
