[15-Jul-2019 16:50:58 Asia/Yekaterinburg] PHP Fatal error:  Uncaught Error: Call to undefined function int() in C:\Users\Admin\Documents\GitHub\phpProject\OSPanel\domains\mystackOverflow\func\like.php:4
Stack trace:
#0 {main}
  thrown in C:\Users\Admin\Documents\GitHub\phpProject\OSPanel\domains\mystackOverflow\func\like.php on line 4
[15-Jul-2019 16:51:03 Asia/Yekaterinburg] PHP Fatal error:  Uncaught Error: Call to undefined function int() in C:\Users\Admin\Documents\GitHub\phpProject\OSPanel\domains\mystackOverflow\func\like.php:4
Stack trace:
#0 {main}
  thrown in C:\Users\Admin\Documents\GitHub\phpProject\OSPanel\domains\mystackOverflow\func\like.php on line 4
[15-Jul-2019 16:51:14 Asia/Yekaterinburg] PHP Fatal error:  Uncaught Error: Call to undefined function int() in C:\Users\Admin\Documents\GitHub\phpProject\OSPanel\domains\mystackOverflow\func\like.php:4
Stack trace:
#0 {main}
  thrown in C:\Users\Admin\Documents\GitHub\phpProject\OSPanel\domains\mystackOverflow\func\like.php on line 4
[15-Jul-2019 16:51:24 Asia/Yekaterinburg] PHP Fatal error:  Uncaught Error: Call to undefined function int() in C:\Users\Admin\Documents\GitHub\phpProject\OSPanel\domains\mystackOverflow\func\like.php:4
Stack trace:
#0 {main}
  thrown in C:\Users\Admin\Documents\GitHub\phpProject\OSPanel\domains\mystackOverflow\func\like.php on line 4
[15-Jul-2019 16:52:21 Asia/Yekaterinburg] PHP Fatal error:  Uncaught Error: Call to undefined function int() in C:\Users\Admin\Documents\GitHub\phpProject\OSPanel\domains\mystackOverflow\func\like.php:4
Stack trace:
#0 {main}
  thrown in C:\Users\Admin\Documents\GitHub\phpProject\OSPanel\domains\mystackOverflow\func\like.php on line 4
[15-Jul-2019 16:52:23 Asia/Yekaterinburg] PHP Fatal error:  Uncaught Error: Call to undefined function int() in C:\Users\Admin\Documents\GitHub\phpProject\OSPanel\domains\mystackOverflow\func\like.php:4
Stack trace:
#0 {main}
  thrown in C:\Users\Admin\Documents\GitHub\phpProject\OSPanel\domains\mystackOverflow\func\like.php on line 4
[15-Jul-2019 16:52:23 Asia/Yekaterinburg] PHP Fatal error:  Uncaught Error: Call to undefined function int() in C:\Users\Admin\Documents\GitHub\phpProject\OSPanel\domains\mystackOverflow\func\like.php:4
Stack trace:
#0 {main}
  thrown in C:\Users\Admin\Documents\GitHub\phpProject\OSPanel\domains\mystackOverflow\func\like.php on line 4
[15-Jul-2019 16:52:29 Asia/Yekaterinburg] PHP Fatal error:  Uncaught Error: Call to undefined function int() in C:\Users\Admin\Documents\GitHub\phpProject\OSPanel\domains\mystackOverflow\func\like.php:4
Stack trace:
#0 {main}
  thrown in C:\Users\Admin\Documents\GitHub\phpProject\OSPanel\domains\mystackOverflow\func\like.php on line 4
[15-Jul-2019 16:52:30 Asia/Yekaterinburg] PHP Fatal error:  Uncaught Error: Call to undefined function int() in C:\Users\Admin\Documents\GitHub\phpProject\OSPanel\domains\mystackOverflow\func\like.php:4
Stack trace:
#0 {main}
  thrown in C:\Users\Admin\Documents\GitHub\phpProject\OSPanel\domains\mystackOverflow\func\like.php on line 4
[15-Jul-2019 16:52:31 Asia/Yekaterinburg] PHP Fatal error:  Uncaught Error: Call to undefined function int() in C:\Users\Admin\Documents\GitHub\phpProject\OSPanel\domains\mystackOverflow\func\like.php:4
Stack trace:
#0 {main}
  thrown in C:\Users\Admin\Documents\GitHub\phpProject\OSPanel\domains\mystackOverflow\func\like.php on line 4
[15-Jul-2019 16:52:32 Asia/Yekaterinburg] PHP Fatal error:  Uncaught Error: Call to undefined function int() in C:\Users\Admin\Documents\GitHub\phpProject\OSPanel\domains\mystackOverflow\func\like.php:4
Stack trace:
#0 {main}
  thrown in C:\Users\Admin\Documents\GitHub\phpProject\OSPanel\domains\mystackOverflow\func\like.php on line 4
[15-Jul-2019 16:52:32 Asia/Yekaterinburg] PHP Fatal error:  Uncaught Error: Call to undefined function int() in C:\Users\Admin\Documents\GitHub\phpProject\OSPanel\domains\mystackOverflow\func\like.php:4
Stack trace:
#0 {main}
  thrown in C:\Users\Admin\Documents\GitHub\phpProject\OSPanel\domains\mystackOverflow\func\like.php on line 4
[15-Jul-2019 16:52:32 Asia/Yekaterinburg] PHP Fatal error:  Uncaught Error: Call to undefined function int() in C:\Users\Admin\Documents\GitHub\phpProject\OSPanel\domains\mystackOverflow\func\like.php:4
Stack trace:
#0 {main}
  thrown in C:\Users\Admin\Documents\GitHub\phpProject\OSPanel\domains\mystackOverflow\func\like.php on line 4
[15-Jul-2019 16:52:32 Asia/Yekaterinburg] PHP Fatal error:  Uncaught Error: Call to undefined function int() in C:\Users\Admin\Documents\GitHub\phpProject\OSPanel\domains\mystackOverflow\func\like.php:4
Stack trace:
#0 {main}
  thrown in C:\Users\Admin\Documents\GitHub\phpProject\OSPanel\domains\mystackOverflow\func\like.php on line 4
[15-Jul-2019 16:58:27 Asia/Yekaterinburg] PHP Fatal error:  Uncaught Error: Call to undefined function int() in C:\Users\Admin\Documents\GitHub\phpProject\OSPanel\domains\mystackOverflow\func\like.php:4
Stack trace:
#0 {main}
  thrown in C:\Users\Admin\Documents\GitHub\phpProject\OSPanel\domains\mystackOverflow\func\like.php on line 4
[15-Jul-2019 16:59:21 Asia/Yekaterinburg] PHP Fatal error:  Uncaught RedBeanPHP\RedException: Invalid type: answers_likes in C:\Users\Admin\Documents\GitHub\phpProject\OSPanel\domains\mystackOverflow\includes\rb.php:15723
Stack trace:
#0 C:\Users\Admin\Documents\GitHub\phpProject\OSPanel\domains\mystackOverflow\includes\rb.php(15797): RedBeanPHP\Util\DispenseHelper::checkType('answers_likes')
#1 C:\Users\Admin\Documents\GitHub\phpProject\OSPanel\domains\mystackOverflow\includes\rb.php(12838): RedBeanPHP\Util\DispenseHelper::dispense(Object(RedBeanPHP\OODB), 'answers_likes', 1, false)
#2 C:\Users\Admin\Documents\GitHub\phpProject\OSPanel\domains\mystackOverflow\func\like.php(13): RedBeanPHP\Facade::dispense('answers_likes')
#3 {main}
  thrown in C:\Users\Admin\Documents\GitHub\phpProject\OSPanel\domains\mystackOverflow\includes\rb.php on line 15723
[15-Jul-2019 16:59:24 Asia/Yekaterinburg] PHP Fatal error:  Uncaught RedBeanPHP\RedException: Invalid type: answers_likes in C:\Users\Admin\Documents\GitHub\phpProject\OSPanel\domains\mystackOverflow\includes\rb.php:15723
Stack trace:
#0 C:\Users\Admin\Documents\GitHub\phpProject\OSPanel\domains\mystackOverflow\includes\rb.php(15797): RedBeanPHP\Util\DispenseHelper::checkType('answers_likes')
#1 C:\Users\Admin\Documents\GitHub\phpProject\OSPanel\domains\mystackOverflow\includes\rb.php(12838): RedBeanPHP\Util\DispenseHelper::dispense(Object(RedBeanPHP\OODB), 'answers_likes', 1, false)
#2 C:\Users\Admin\Documents\GitHub\phpProject\OSPanel\domains\mystackOverflow\func\like.php(13): RedBeanPHP\Facade::dispense('answers_likes')
#3 {main}
  thrown in C:\Users\Admin\Documents\GitHub\phpProject\OSPanel\domains\mystackOverflow\includes\rb.php on line 15723
[15-Jul-2019 16:59:25 Asia/Yekaterinburg] PHP Fatal error:  Uncaught RedBeanPHP\RedException: Invalid type: answers_likes in C:\Users\Admin\Documents\GitHub\phpProject\OSPanel\domains\mystackOverflow\includes\rb.php:15723
Stack trace:
#0 C:\Users\Admin\Documents\GitHub\phpProject\OSPanel\domains\mystackOverflow\includes\rb.php(15797): RedBeanPHP\Util\DispenseHelper::checkType('answers_likes')
#1 C:\Users\Admin\Documents\GitHub\phpProject\OSPanel\domains\mystackOverflow\includes\rb.php(12838): RedBeanPHP\Util\DispenseHelper::dispense(Object(RedBeanPHP\OODB), 'answers_likes', 1, false)
#2 C:\Users\Admin\Documents\GitHub\phpProject\OSPanel\domains\mystackOverflow\func\like.php(13): RedBeanPHP\Facade::dispense('answers_likes')
#3 {main}
  thrown in C:\Users\Admin\Documents\GitHub\phpProject\OSPanel\domains\mystackOverflow\includes\rb.php on line 15723
[15-Jul-2019 16:59:25 Asia/Yekaterinburg] PHP Fatal error:  Uncaught RedBeanPHP\RedException: Invalid type: answers_likes in C:\Users\Admin\Documents\GitHub\phpProject\OSPanel\domains\mystackOverflow\includes\rb.php:15723
Stack trace:
#0 C:\Users\Admin\Documents\GitHub\phpProject\OSPanel\domains\mystackOverflow\includes\rb.php(15797): RedBeanPHP\Util\DispenseHelper::checkType('answers_likes')
#1 C:\Users\Admin\Documents\GitHub\phpProject\OSPanel\domains\mystackOverflow\includes\rb.php(12838): RedBeanPHP\Util\DispenseHelper::dispense(Object(RedBeanPHP\OODB), 'answers_likes', 1, false)
#2 C:\Users\Admin\Documents\GitHub\phpProject\OSPanel\domains\mystackOverflow\func\like.php(13): RedBeanPHP\Facade::dispense('answers_likes')
#3 {main}
  thrown in C:\Users\Admin\Documents\GitHub\phpProject\OSPanel\domains\mystackOverflow\includes\rb.php on line 15723
[15-Jul-2019 16:59:26 Asia/Yekaterinburg] PHP Fatal error:  Uncaught RedBeanPHP\RedException: Invalid type: answers_likes in C:\Users\Admin\Documents\GitHub\phpProject\OSPanel\domains\mystackOverflow\includes\rb.php:15723
Stack trace:
#0 C:\Users\Admin\Documents\GitHub\phpProject\OSPanel\domains\mystackOverflow\includes\rb.php(15797): RedBeanPHP\Util\DispenseHelper::checkType('answers_likes')
#1 C:\Users\Admin\Documents\GitHub\phpProject\OSPanel\domains\mystackOverflow\includes\rb.php(12838): RedBeanPHP\Util\DispenseHelper::dispense(Object(RedBeanPHP\OODB), 'answers_likes', 1, false)
#2 C:\Users\Admin\Documents\GitHub\phpProject\OSPanel\domains\mystackOverflow\func\like.php(13): RedBeanPHP\Facade::dispense('answers_likes')
#3 {main}
  thrown in C:\Users\Admin\Documents\GitHub\phpProject\OSPanel\domains\mystackOverflow\includes\rb.php on line 15723
[15-Jul-2019 16:59:26 Asia/Yekaterinburg] PHP Fatal error:  Uncaught RedBeanPHP\RedException: Invalid type: answers_likes in C:\Users\Admin\Documents\GitHub\phpProject\OSPanel\domains\mystackOverflow\includes\rb.php:15723
Stack trace:
#0 C:\Users\Admin\Documents\GitHub\phpProject\OSPanel\domains\mystackOverflow\includes\rb.php(15797): RedBeanPHP\Util\DispenseHelper::checkType('answers_likes')
#1 C:\Users\Admin\Documents\GitHub\phpProject\OSPanel\domains\mystackOverflow\includes\rb.php(12838): RedBeanPHP\Util\DispenseHelper::dispense(Object(RedBeanPHP\OODB), 'answers_likes', 1, false)
#2 C:\Users\Admin\Documents\GitHub\phpProject\OSPanel\domains\mystackOverflow\func\like.php(13): RedBeanPHP\Facade::dispense('answers_likes')
#3 {main}
  thrown in C:\Users\Admin\Documents\GitHub\phpProject\OSPanel\domains\mystackOverflow\includes\rb.php on line 15723
[15-Jul-2019 16:59:26 Asia/Yekaterinburg] PHP Fatal error:  Uncaught RedBeanPHP\RedException: Invalid type: answers_likes in C:\Users\Admin\Documents\GitHub\phpProject\OSPanel\domains\mystackOverflow\includes\rb.php:15723
Stack trace:
#0 C:\Users\Admin\Documents\GitHub\phpProject\OSPanel\domains\mystackOverflow\includes\rb.php(15797): RedBeanPHP\Util\DispenseHelper::checkType('answers_likes')
#1 C:\Users\Admin\Documents\GitHub\phpProject\OSPanel\domains\mystackOverflow\includes\rb.php(12838): RedBeanPHP\Util\DispenseHelper::dispense(Object(RedBeanPHP\OODB), 'answers_likes', 1, false)
#2 C:\Users\Admin\Documents\GitHub\phpProject\OSPanel\domains\mystackOverflow\func\like.php(13): RedBeanPHP\Facade::dispense('answers_likes')
#3 {main}
  thrown in C:\Users\Admin\Documents\GitHub\phpProject\OSPanel\domains\mystackOverflow\includes\rb.php on line 15723
[15-Jul-2019 16:59:27 Asia/Yekaterinburg] PHP Fatal error:  Uncaught RedBeanPHP\RedException: Invalid type: answers_likes in C:\Users\Admin\Documents\GitHub\phpProject\OSPanel\domains\mystackOverflow\includes\rb.php:15723
Stack trace:
#0 C:\Users\Admin\Documents\GitHub\phpProject\OSPanel\domains\mystackOverflow\includes\rb.php(15797): RedBeanPHP\Util\DispenseHelper::checkType('answers_likes')
#1 C:\Users\Admin\Documents\GitHub\phpProject\OSPanel\domains\mystackOverflow\includes\rb.php(12838): RedBeanPHP\Util\DispenseHelper::dispense(Object(RedBeanPHP\OODB), 'answers_likes', 1, false)
#2 C:\Users\Admin\Documents\GitHub\phpProject\OSPanel\domains\mystackOverflow\func\like.php(13): RedBeanPHP\Facade::dispense('answers_likes')
#3 {main}
  thrown in C:\Users\Admin\Documents\GitHub\phpProject\OSPanel\domains\mystackOverflow\includes\rb.php on line 15723
[15-Jul-2019 16:59:28 Asia/Yekaterinburg] PHP Fatal error:  Uncaught RedBeanPHP\RedException: Invalid type: answers_likes in C:\Users\Admin\Documents\GitHub\phpProject\OSPanel\domains\mystackOverflow\includes\rb.php:15723
Stack trace:
#0 C:\Users\Admin\Documents\GitHub\phpProject\OSPanel\domains\mystackOverflow\includes\rb.php(15797): RedBeanPHP\Util\DispenseHelper::checkType('answers_likes')
#1 C:\Users\Admin\Documents\GitHub\phpProject\OSPanel\domains\mystackOverflow\includes\rb.php(12838): RedBeanPHP\Util\DispenseHelper::dispense(Object(RedBeanPHP\OODB), 'answers_likes', 1, false)
#2 C:\Users\Admin\Documents\GitHub\phpProject\OSPanel\domains\mystackOverflow\func\like.php(13): RedBeanPHP\Facade::dispense('answers_likes')
#3 {main}
  thrown in C:\Users\Admin\Documents\GitHub\phpProject\OSPanel\domains\mystackOverflow\includes\rb.php on line 15723
[15-Jul-2019 17:03:15 Asia/Yekaterinburg] PHP Fatal error:  Uncaught Error: Using $this when not in object context in C:\Users\Admin\Documents\GitHub\phpProject\OSPanel\domains\mystackOverflow\func\like.php:7
Stack trace:
#0 {main}
  thrown in C:\Users\Admin\Documents\GitHub\phpProject\OSPanel\domains\mystackOverflow\func\like.php on line 7
[15-Jul-2019 17:03:16 Asia/Yekaterinburg] PHP Fatal error:  Uncaught Error: Using $this when not in object context in C:\Users\Admin\Documents\GitHub\phpProject\OSPanel\domains\mystackOverflow\func\like.php:7
Stack trace:
#0 {main}
  thrown in C:\Users\Admin\Documents\GitHub\phpProject\OSPanel\domains\mystackOverflow\func\like.php on line 7
[15-Jul-2019 17:05:20 Asia/Yekaterinburg] PHP Fatal error:  Uncaught Error: Call to undefined function alert() in C:\Users\Admin\Documents\GitHub\phpProject\OSPanel\domains\mystackOverflow\func\like.php:5
Stack trace:
#0 {main}
  thrown in C:\Users\Admin\Documents\GitHub\phpProject\OSPanel\domains\mystackOverflow\func\like.php on line 5
[15-Jul-2019 17:16:51 Asia/Yekaterinburg] PHP Fatal error:  Uncaught RedBeanPHP\RedException: Invalid type: answers_likes in C:\Users\Admin\Documents\GitHub\phpProject\OSPanel\domains\mystackOverflow\includes\rb.php:15723
Stack trace:
#0 C:\Users\Admin\Documents\GitHub\phpProject\OSPanel\domains\mystackOverflow\includes\rb.php(15797): RedBeanPHP\Util\DispenseHelper::checkType('answers_likes')
#1 C:\Users\Admin\Documents\GitHub\phpProject\OSPanel\domains\mystackOverflow\includes\rb.php(12838): RedBeanPHP\Util\DispenseHelper::dispense(Object(RedBeanPHP\OODB), 'answers_likes', 1, false)
#2 C:\Users\Admin\Documents\GitHub\phpProject\OSPanel\domains\mystackOverflow\func\like.php(11): RedBeanPHP\Facade::dispense('answers_likes')
#3 {main}
  thrown in C:\Users\Admin\Documents\GitHub\phpProject\OSPanel\domains\mystackOverflow\includes\rb.php on line 15723
[15-Jul-2019 17:19:03 Asia/Yekaterinburg] PHP Fatal error:  Uncaught RedBeanPHP\RedException: Invalid type: answers_likes in C:\Users\Admin\Documents\GitHub\phpProject\OSPanel\domains\mystackOverflow\includes\rb.php:15723
Stack trace:
#0 C:\Users\Admin\Documents\GitHub\phpProject\OSPanel\domains\mystackOverflow\includes\rb.php(15797): RedBeanPHP\Util\DispenseHelper::checkType('answers_likes')
#1 C:\Users\Admin\Documents\GitHub\phpProject\OSPanel\domains\mystackOverflow\includes\rb.php(12838): RedBeanPHP\Util\DispenseHelper::dispense(Object(RedBeanPHP\OODB), 'answers_likes', 1, false)
#2 C:\Users\Admin\Documents\GitHub\phpProject\OSPanel\domains\mystackOverflow\func\like.php(11): RedBeanPHP\Facade::dispense('answers_likes')
#3 {main}
  thrown in C:\Users\Admin\Documents\GitHub\phpProject\OSPanel\domains\mystackOverflow\includes\rb.php on line 15723
[15-Jul-2019 17:19:18 Asia/Yekaterinburg] PHP Fatal error:  Uncaught RedBeanPHP\RedException: Invalid type: answers_likes in C:\Users\Admin\Documents\GitHub\phpProject\OSPanel\domains\mystackOverflow\includes\rb.php:15723
Stack trace:
#0 C:\Users\Admin\Documents\GitHub\phpProject\OSPanel\domains\mystackOverflow\includes\rb.php(15797): RedBeanPHP\Util\DispenseHelper::checkType('answers_likes')
#1 C:\Users\Admin\Documents\GitHub\phpProject\OSPanel\domains\mystackOverflow\includes\rb.php(12838): RedBeanPHP\Util\DispenseHelper::dispense(Object(RedBeanPHP\OODB), 'answers_likes', 1, false)
#2 C:\Users\Admin\Documents\GitHub\phpProject\OSPanel\domains\mystackOverflow\func\like.php(11): RedBeanPHP\Facade::dispense('answers_likes')
#3 {main}
  thrown in C:\Users\Admin\Documents\GitHub\phpProject\OSPanel\domains\mystackOverflow\includes\rb.php on line 15723
[15-Jul-2019 17:19:53 Asia/Yekaterinburg] PHP Fatal error:  Uncaught RedBeanPHP\RedException: Invalid type: answers_likes in C:\Users\Admin\Documents\GitHub\phpProject\OSPanel\domains\mystackOverflow\includes\rb.php:15723
Stack trace:
#0 C:\Users\Admin\Documents\GitHub\phpProject\OSPanel\domains\mystackOverflow\includes\rb.php(15797): RedBeanPHP\Util\DispenseHelper::checkType('answers_likes')
#1 C:\Users\Admin\Documents\GitHub\phpProject\OSPanel\domains\mystackOverflow\includes\rb.php(12838): RedBeanPHP\Util\DispenseHelper::dispense(Object(RedBeanPHP\OODB), 'answers_likes', 1, false)
#2 C:\Users\Admin\Documents\GitHub\phpProject\OSPanel\domains\mystackOverflow\func\like.php(11): RedBeanPHP\Facade::dispense('answers_likes')
#3 {main}
  thrown in C:\Users\Admin\Documents\GitHub\phpProject\OSPanel\domains\mystackOverflow\includes\rb.php on line 15723
[15-Jul-2019 17:19:59 Asia/Yekaterinburg] PHP Fatal error:  Uncaught RedBeanPHP\RedException: Invalid type: answers_likes in C:\Users\Admin\Documents\GitHub\phpProject\OSPanel\domains\mystackOverflow\includes\rb.php:15723
Stack trace:
#0 C:\Users\Admin\Documents\GitHub\phpProject\OSPanel\domains\mystackOverflow\includes\rb.php(15797): RedBeanPHP\Util\DispenseHelper::checkType('answers_likes')
#1 C:\Users\Admin\Documents\GitHub\phpProject\OSPanel\domains\mystackOverflow\includes\rb.php(12838): RedBeanPHP\Util\DispenseHelper::dispense(Object(RedBeanPHP\OODB), 'answers_likes', 1, false)
#2 C:\Users\Admin\Documents\GitHub\phpProject\OSPanel\domains\mystackOverflow\func\like.php(11): RedBeanPHP\Facade::dispense('answers_likes')
#3 {main}
  thrown in C:\Users\Admin\Documents\GitHub\phpProject\OSPanel\domains\mystackOverflow\includes\rb.php on line 15723
[15-Jul-2019 17:20:00 Asia/Yekaterinburg] PHP Fatal error:  Uncaught RedBeanPHP\RedException: Invalid type: answers_likes in C:\Users\Admin\Documents\GitHub\phpProject\OSPanel\domains\mystackOverflow\includes\rb.php:15723
Stack trace:
#0 C:\Users\Admin\Documents\GitHub\phpProject\OSPanel\domains\mystackOverflow\includes\rb.php(15797): RedBeanPHP\Util\DispenseHelper::checkType('answers_likes')
#1 C:\Users\Admin\Documents\GitHub\phpProject\OSPanel\domains\mystackOverflow\includes\rb.php(12838): RedBeanPHP\Util\DispenseHelper::dispense(Object(RedBeanPHP\OODB), 'answers_likes', 1, false)
#2 C:\Users\Admin\Documents\GitHub\phpProject\OSPanel\domains\mystackOverflow\func\like.php(11): RedBeanPHP\Facade::dispense('answers_likes')
#3 {main}
  thrown in C:\Users\Admin\Documents\GitHub\phpProject\OSPanel\domains\mystackOverflow\includes\rb.php on line 15723
[15-Jul-2019 17:20:00 Asia/Yekaterinburg] PHP Fatal error:  Uncaught RedBeanPHP\RedException: Invalid type: answers_likes in C:\Users\Admin\Documents\GitHub\phpProject\OSPanel\domains\mystackOverflow\includes\rb.php:15723
Stack trace:
#0 C:\Users\Admin\Documents\GitHub\phpProject\OSPanel\domains\mystackOverflow\includes\rb.php(15797): RedBeanPHP\Util\DispenseHelper::checkType('answers_likes')
#1 C:\Users\Admin\Documents\GitHub\phpProject\OSPanel\domains\mystackOverflow\includes\rb.php(12838): RedBeanPHP\Util\DispenseHelper::dispense(Object(RedBeanPHP\OODB), 'answers_likes', 1, false)
#2 C:\Users\Admin\Documents\GitHub\phpProject\OSPanel\domains\mystackOverflow\func\like.php(11): RedBeanPHP\Facade::dispense('answers_likes')
#3 {main}
  thrown in C:\Users\Admin\Documents\GitHub\phpProject\OSPanel\domains\mystackOverflow\includes\rb.php on line 15723
[15-Jul-2019 17:20:00 Asia/Yekaterinburg] PHP Fatal error:  Uncaught RedBeanPHP\RedException: Invalid type: answers_likes in C:\Users\Admin\Documents\GitHub\phpProject\OSPanel\domains\mystackOverflow\includes\rb.php:15723
Stack trace:
#0 C:\Users\Admin\Documents\GitHub\phpProject\OSPanel\domains\mystackOverflow\includes\rb.php(15797): RedBeanPHP\Util\DispenseHelper::checkType('answers_likes')
#1 C:\Users\Admin\Documents\GitHub\phpProject\OSPanel\domains\mystackOverflow\includes\rb.php(12838): RedBeanPHP\Util\DispenseHelper::dispense(Object(RedBeanPHP\OODB), 'answers_likes', 1, false)
#2 C:\Users\Admin\Documents\GitHub\phpProject\OSPanel\domains\mystackOverflow\func\like.php(11): RedBeanPHP\Facade::dispense('answers_likes')
#3 {main}
  thrown in C:\Users\Admin\Documents\GitHub\phpProject\OSPanel\domains\mystackOverflow\includes\rb.php on line 15723
[15-Jul-2019 17:20:00 Asia/Yekaterinburg] PHP Fatal error:  Uncaught RedBeanPHP\RedException: Invalid type: answers_likes in C:\Users\Admin\Documents\GitHub\phpProject\OSPanel\domains\mystackOverflow\includes\rb.php:15723
Stack trace:
#0 C:\Users\Admin\Documents\GitHub\phpProject\OSPanel\domains\mystackOverflow\includes\rb.php(15797): RedBeanPHP\Util\DispenseHelper::checkType('answers_likes')
#1 C:\Users\Admin\Documents\GitHub\phpProject\OSPanel\domains\mystackOverflow\includes\rb.php(12838): RedBeanPHP\Util\DispenseHelper::dispense(Object(RedBeanPHP\OODB), 'answers_likes', 1, false)
#2 C:\Users\Admin\Documents\GitHub\phpProject\OSPanel\domains\mystackOverflow\func\like.php(11): RedBeanPHP\Facade::dispense('answers_likes')
#3 {main}
  thrown in C:\Users\Admin\Documents\GitHub\phpProject\OSPanel\domains\mystackOverflow\includes\rb.php on line 15723
[15-Jul-2019 17:20:36 Asia/Yekaterinburg] PHP Fatal error:  Uncaught RedBeanPHP\RedException: Invalid type: answers_likes in C:\Users\Admin\Documents\GitHub\phpProject\OSPanel\domains\mystackOverflow\includes\rb.php:15723
Stack trace:
#0 C:\Users\Admin\Documents\GitHub\phpProject\OSPanel\domains\mystackOverflow\includes\rb.php(15797): RedBeanPHP\Util\DispenseHelper::checkType('answers_likes')
#1 C:\Users\Admin\Documents\GitHub\phpProject\OSPanel\domains\mystackOverflow\includes\rb.php(12838): RedBeanPHP\Util\DispenseHelper::dispense(Object(RedBeanPHP\OODB), 'answers_likes', 1, false)
#2 C:\Users\Admin\Documents\GitHub\phpProject\OSPanel\domains\mystackOverflow\func\like.php(11): RedBeanPHP\Facade::dispense('answers_likes')
#3 {main}
  thrown in C:\Users\Admin\Documents\GitHub\phpProject\OSPanel\domains\mystackOverflow\includes\rb.php on line 15723
[15-Jul-2019 17:20:58 Asia/Yekaterinburg] PHP Fatal error:  Uncaught RedBeanPHP\RedException: Invalid type: answers_likes in C:\Users\Admin\Documents\GitHub\phpProject\OSPanel\domains\mystackOverflow\includes\rb.php:15723
Stack trace:
#0 C:\Users\Admin\Documents\GitHub\phpProject\OSPanel\domains\mystackOverflow\includes\rb.php(15797): RedBeanPHP\Util\DispenseHelper::checkType('answers_likes')
#1 C:\Users\Admin\Documents\GitHub\phpProject\OSPanel\domains\mystackOverflow\includes\rb.php(12838): RedBeanPHP\Util\DispenseHelper::dispense(Object(RedBeanPHP\OODB), 'answers_likes', 1, false)
#2 C:\Users\Admin\Documents\GitHub\phpProject\OSPanel\domains\mystackOverflow\func\like.php(11): RedBeanPHP\Facade::dispense('answers_likes')
#3 {main}
  thrown in C:\Users\Admin\Documents\GitHub\phpProject\OSPanel\domains\mystackOverflow\includes\rb.php on line 15723
[15-Jul-2019 17:27:44 Asia/Yekaterinburg] PHP Fatal error:  Uncaught [42000] - SQLSTATE[42000]: Syntax error or access violation: 1064 You have an error in your SQL syntax; check the manual that corresponds to your MariaDB server version for the right syntax to use near 'Array -- keep-cache' at line 1
trace: #0 C:\Users\Admin\Documents\GitHub\phpProject\OSPanel\domains\mystackOverflow\includes\rb.php(1041): RedBeanPHP\Driver\RPDO->runQuery('SELECT `answers...', Array)
#1 C:\Users\Admin\Documents\GitHub\phpProject\OSPanel\domains\mystackOverflow\includes\rb.php(4167): RedBeanPHP\Driver\RPDO->GetAll('SELECT `answers...', Array)
#2 C:\Users\Admin\Documents\GitHub\phpProject\OSPanel\domains\mystackOverflow\includes\rb.php(6075): RedBeanPHP\Adapter\DBAdapter->get('SELECT `answers...', Array)
#3 C:\Users\Admin\Documents\GitHub\phpProject\OSPanel\domains\mystackOverflow\includes\rb.php(9338): RedBeanPHP\QueryWriter\AQueryWriter->queryRecord('answerslikes', Array)
#4 C:\Users\Admin\Documents\GitHub\phpProject\OSPanel\domains\mystackOverflow\includes\rb.php(9992): RedBeanPHP\R in C:\Users\Admin\Documents\GitHub\phpProject\OSPanel\domains\mystackOverflow\includes\rb.php on line 774
